<?xml version="1.0" encoding="UTF-8"?>
<!-- Generated by org.testng.reporters.JUnitReportReporter -->
<testsuite hostname="Envision" failures="0" tests="1" name="com.hrms.test02.TC005" time="27.048" errors="0" timestamp="4 Mar 2024 13:41:29 GMT">
  <testcase classname="com.hrms.test02.TC005" name="tc002" time="27.048"/>
</testsuite> <!-- com.hrms.test02.TC005 -->
